<?xml version="1.0" encoding="UTF-8"?>
<!-- Generated by org.testng.reporters.JUnitReportReporter -->
<testsuite hostname="BDC8-LX-1GZ7152" failures="0" tests="2" name="pages.HomePageListener" time="30.327" errors="0" timestamp="11 Oct 2018 07:06:11 GMT" skipped="0">
  <testcase classname="pages.HomePageListener" name="Login" time="30.120"/>
  <testcase classname="pages.HomePageListener" name="TestToPass" time="0.207"/>
</testsuite> <!-- pages.HomePageListener -->
