<?xml version="1.0" encoding="UTF-8"?>
<!-- Generated by org.testng.reporters.JUnitReportReporter -->
<testsuite hostname="BDC8-LX-1GZ7152" failures="0" tests="2" name="pages.HomePageListener" time="30.098" errors="0" timestamp="26 Sep 2018 07:04:17 GMT" skipped="0">
  <testcase classname="pages.HomePageListener" name="Login" time="29.916"/>
  <testcase classname="pages.HomePageListener" name="TestToPass" time="0.182"/>
</testsuite> <!-- pages.HomePageListener -->
