<?xml version="1.0" encoding="UTF-8"?>
<!-- Generated by org.testng.reporters.JUnitReportReporter -->
<testsuite hostname="BDC8-LX-1GZ7152" failures="0" tests="2" name="pages.HomePageListener" time="31.978" errors="0" timestamp="02 Jan 2019 08:58:38 GMT" skipped="0">
  <testcase classname="pages.HomePageListener" name="Login" time="31.622"/>
  <testcase classname="pages.HomePageListener" name="TestToPass" time="0.356"/>
</testsuite> <!-- pages.HomePageListener -->
