<?xml version="1.0" encoding="UTF-8"?>
<!-- Generated by org.testng.reporters.JUnitReportReporter -->
<testsuite hostname="BDC8-LX-1GZ7152" failures="0" tests="1" name="TestingSt.NewTest" time="59.683" errors="0" timestamp="25 Sep 2018 05:43:18 GMT" skipped="0">
  <testcase classname="TestingSt.NewTest" name="openMyBlog" time="59.683"/>
</testsuite> <!-- TestingSt.NewTest -->
