<?xml version="1.0" encoding="UTF-8"?>
<!-- Generated by org.testng.reporters.JUnitReportReporter -->
<testsuite hostname="BDC8-LX-1GZ7152" failures="0" tests="1" name="tests.NewTest" time="28.472" errors="0" timestamp="25 Sep 2018 15:15:00 GMT" skipped="0">
  <testcase classname="tests.NewTest" name="openMyBlog" time="28.472"/>
</testsuite> <!-- tests.NewTest -->
