<?xml version="1.0" encoding="UTF-8"?>
<!-- Generated by org.testng.reporters.JUnitReportReporter -->
<testsuite hostname="BDC8-LX-1GZ7152" failures="0" tests="1" name="Selenium1.VerifySortedorNot" time="39.848" errors="0" timestamp="14 Dec 2018 15:11:30 GMT" skipped="0">
  <testcase classname="Selenium1.VerifySortedorNot" name="launchingDriver" time="39.848"/>
</testsuite> <!-- Selenium1.VerifySortedorNot -->
