<?xml version="1.0" encoding="UTF-8"?>
<!-- Generated by org.testng.reporters.JUnitReportReporter -->
<testsuite hostname="BDC8-LX-1GZ7152" failures="0" tests="1" name="Selenium1.PasswordEncrypt" time="32.687" errors="0" timestamp="11 Oct 2018 05:20:46 GMT" skipped="0">
  <testcase classname="Selenium1.PasswordEncrypt" name="launchingDriver" time="32.687"/>
</testsuite> <!-- Selenium1.PasswordEncrypt -->
