<?xml version="1.0" encoding="UTF-8"?>
<!-- Generated by org.testng.reporters.JUnitReportReporter -->
<testsuite hostname="BDC8-LX-1GZ7152" failures="0" tests="4" name="testPack.testngAnnotations" time="0.010" errors="0" timestamp="12 Oct 2018 08:32:03 GMT" skipped="1">
  <testcase classname="testPack.testngAnnotations" name="deleteUser" time="0.007"/>
  <testcase classname="testPack.testngAnnotations" name="editUser" time="0.001"/>
  <testcase classname="testPack.testngAnnotations" name="editUser" time="0.002"/>
  <testcase classname="testPack.testngAnnotations" name="register">
    <skipped/>
  </testcase> <!-- register -->
</testsuite> <!-- testPack.testngAnnotations -->
