<?xml version="1.0" encoding="UTF-8"?>
<!-- Generated by org.testng.reporters.JUnitReportReporter -->
<testsuite hostname="BDC8-LX-1GZ7152" failures="0" tests="4" name="testPack.testngAnnotations" time="0.011" errors="0" timestamp="23 Oct 2018 14:31:45 GMT" skipped="1">
  <testcase classname="testPack.testngAnnotations" name="deleteUser" time="0.006"/>
  <testcase classname="testPack.testngAnnotations" name="editUser" time="0.002"/>
  <testcase classname="testPack.testngAnnotations" name="editUser" time="0.003"/>
  <testcase classname="testPack.testngAnnotations" name="register">
    <skipped/>
  </testcase> <!-- register -->
</testsuite> <!-- testPack.testngAnnotations -->
