<?xml version="1.0" encoding="UTF-8"?>
<!-- Generated by org.testng.reporters.JUnitReportReporter -->
<testsuite hostname="BDC8-LX-1GZ7152" failures="0" tests="1" name="Selenium1.JavaScript" time="21.204" errors="0" timestamp="14 Sep 2018 12:00:29 GMT" skipped="0">
  <testcase classname="Selenium1.JavaScript" name="launchingDriver" time="21.204"/>
</testsuite> <!-- Selenium1.JavaScript -->
