<?xml version="1.0" encoding="UTF-8"?>
<!-- Generated by org.testng.reporters.JUnitReportReporter -->
<testsuite hostname="BDC8-LX-1GZ7152" failures="0" tests="4" name="testPack.testngAnnotations" time="0.000" errors="0" timestamp="14 Dec 2018 15:53:37 GMT" skipped="1">
  <testcase classname="testPack.testngAnnotations" name="deleteUser" time="0.000"/>
  <testcase classname="testPack.testngAnnotations" name="editUser" time="0.000"/>
  <testcase classname="testPack.testngAnnotations" name="editUser" time="0.000"/>
  <testcase classname="testPack.testngAnnotations" name="register">
    <skipped/>
  </testcase> <!-- register -->
</testsuite> <!-- testPack.testngAnnotations -->
