<?xml version="1.0" encoding="UTF-8"?>
<!-- Generated by org.testng.reporters.JUnitReportReporter -->
<testsuite hostname="BDC8-LX-1GZ7152" failures="0" tests="1" name="Selenium1.VerifySortedorNot" time="28.639" errors="0" timestamp="15 Sep 2018 11:52:40 GMT" skipped="0">
  <testcase classname="Selenium1.VerifySortedorNot" name="launchingDriver" time="28.639"/>
</testsuite> <!-- Selenium1.VerifySortedorNot -->
