<?xml version="1.0" encoding="UTF-8"?>
<!-- Generated by org.testng.reporters.JUnitReportReporter -->
<testsuite hostname="BDC8-LX-1GZ7152" failures="0" tests="1" name="testPack.Gecko_DriverTest" time="0.004" errors="0" timestamp="08 Sep 2018 11:01:12 GMT" skipped="0">
  <testcase classname="testPack.Gecko_DriverTest" name="launchingDriver" time="0.004"/>
</testsuite> <!-- testPack.Gecko_DriverTest -->
