<?xml version="1.0" encoding="UTF-8"?>
<!-- Generated by org.testng.reporters.JUnitReportReporter -->
<testsuite hostname="BDC8-LX-1GZ7152" failures="0" tests="1" name="testPack.GmailLoginTest" time="38.440" errors="0" timestamp="08 Sep 2018 12:38:07 GMT" skipped="0">
  <testcase classname="testPack.GmailLoginTest" name="gmaillogin" time="38.440"/>
</testsuite> <!-- testPack.GmailLoginTest -->
