<?xml version="1.0" encoding="UTF-8"?>
<!-- Generated by org.testng.reporters.JUnitReportReporter -->
<testsuite hostname="BDC8-LX-1GZ7152" failures="0" tests="1" name="Selenium1.GoogleSearchFindsecondtextwithoutindex" time="27.537" errors="0" timestamp="18 Sep 2018 04:51:44 GMT" skipped="0">
  <testcase classname="Selenium1.GoogleSearchFindsecondtextwithoutindex" name="googleSearch" time="27.537"/>
</testsuite> <!-- Selenium1.GoogleSearchFindsecondtextwithoutindex -->
