<?xml version="1.0" encoding="UTF-8"?>
<!-- Generated by org.testng.reporters.JUnitReportReporter -->
<testsuite hostname="BDC8-LX-1GZ7152" failures="0" tests="1" name="Selenium1.GoogleSearch" time="25.720" errors="0" timestamp="08 Sep 2018 09:46:39 GMT" skipped="0">
  <testcase classname="Selenium1.GoogleSearch" name="googleSearch" time="25.720"/>
</testsuite> <!-- Selenium1.GoogleSearch -->
