<?xml version="1.0" encoding="UTF-8"?>
<!-- Generated by org.testng.reporters.JUnitReportReporter -->
<testsuite hostname="BDC8-LX-1GZ7152" failures="0" tests="1" name="Selenium1.GoogleSearchFindParticulartext" time="14.957" errors="0" timestamp="18 Sep 2018 04:55:29 GMT" skipped="0">
  <testcase classname="Selenium1.GoogleSearchFindParticulartext" name="googleSearch" time="14.957"/>
</testsuite> <!-- Selenium1.GoogleSearchFindParticulartext -->
