<?xml version="1.0" encoding="UTF-8"?>
<!-- Generated by org.testng.reporters.JUnitReportReporter -->
<testsuite hostname="BDC8-LX-1GZ7152" failures="0" tests="1" name="Selenium1.PasswordEncrypt" time="0.018" errors="0" timestamp="15 Sep 2018 11:20:02 GMT" skipped="0">
  <testcase classname="Selenium1.PasswordEncrypt" name="launchingDriver" time="0.018"/>
</testsuite> <!-- Selenium1.PasswordEncrypt -->
