<?xml version="1.0" encoding="UTF-8"?>
<!-- Generated by org.testng.reporters.JUnitReportReporter -->
<testsuite hostname="BDC8-LX-1GZ7152" failures="0" tests="1" name="Selenium1.TestCase1" time="0.014" errors="0" timestamp="21 Sep 2018 13:10:04 GMT" skipped="0">
  <testcase classname="Selenium1.TestCase1" name="test1" time="0.014"/>
</testsuite> <!-- Selenium1.TestCase1 -->
