<?xml version="1.0" encoding="UTF-8"?>
<!-- Generated by org.testng.reporters.JUnitReportReporter -->
<testsuite hostname="BDC8-LX-1GZ7152" failures="0" tests="1" name="testPack.WindowHandles" time="17.066" errors="0" timestamp="09 Sep 2018 09:05:31 GMT" skipped="0">
  <testcase classname="testPack.WindowHandles" name="launchingDriver" time="17.066"/>
</testsuite> <!-- testPack.WindowHandles -->
