<?xml version="1.0" encoding="UTF-8"?>
<!-- Generated by org.testng.reporters.JUnitReportReporter -->
<testsuite hostname="BDC8-LX-1GZ7152" failures="0" tests="1" name="testPack.Draganddrop" time="34.536" errors="0" timestamp="14 Sep 2018 15:11:33 GMT" skipped="0">
  <testcase classname="testPack.Draganddrop" name="ByPixel" time="34.536"/>
</testsuite> <!-- testPack.Draganddrop -->
