<?xml version="1.0" encoding="UTF-8"?>
<!-- Generated by org.testng.reporters.JUnitReportReporter -->
<testsuite hostname="BDC8-LX-1GZ7152" failures="0" tests="1" name="testPacka.DataProviderWithExcel_001" time="0.000" errors="0" timestamp="25 Sep 2018 07:14:41 GMT" skipped="1">
  <testcase classname="testPacka.DataProviderWithExcel_001" name="Registration_data" time="0.000">
    <skipped/>
  </testcase> <!-- Registration_data -->
</testsuite> <!-- testPacka.DataProviderWithExcel_001 -->
